1626887409941	geckodriver	INFO	Listening on 127.0.0.1:51795
1626887412953	mozrunner::runner	INFO	Running command: "C:\\Program Files\\Mozilla Firefox\\firefox.exe" "--marionette" "-foreground" "-no-remote" "-profile" "C:\\Users\\pfleg\\AppData\\Local\\Temp\\rust_mozprofileZEtvFr"
1626887413810	Marionette	INFO	Marionette enabled
console.warn: SearchSettings: "get: No settings file exists, new profile?" (new NotFoundError("Could not open the file at C:\\Users\\pfleg\\AppData\\Local\\Temp\\rust_mozprofileZEtvFr\\search.json.mozlz4", (void 0)))
1626887416702	Marionette	INFO	Listening on port 51804
1626887417182	Marionette	WARN	TLS certificate errors will be ignored for this session
1626887432336	Marionette	INFO	Stopped listening on port 51804

###!!! [Child][RunMessage] Error: Channel closing: too late to send/recv, messages will be lost

1626887496575	geckodriver	INFO	Listening on 127.0.0.1:54267
1626887499610	mozrunner::runner	INFO	Running command: "C:\\Program Files\\Mozilla Firefox\\firefox.exe" "--marionette" "-foreground" "-no-remote" "-profile" "C:\\Users\\pfleg\\AppData\\Local\\Temp\\rust_mozprofileTv9bvW"
1626887500087	Marionette	INFO	Marionette enabled
console.warn: SearchSettings: "get: No settings file exists, new profile?" (new NotFoundError("Could not open the file at C:\\Users\\pfleg\\AppData\\Local\\Temp\\rust_mozprofileTv9bvW\\search.json.mozlz4", (void 0)))
1626887503164	Marionette	INFO	Listening on port 54275
1626887503341	Marionette	WARN	TLS certificate errors will be ignored for this session
console.error: services.settings: 
  main/doh-config Signature failed  InvalidSignatureError: Invalid content signature (main/doh-config)
console.error: services.settings: 
  main/doh-config local data was corrupted
console.warn: services.settings: main/doh-config Signature verified failed. Retry from scratch
console.error: services.settings: 
  main/doh-providers Signature failed  InvalidSignatureError: Invalid content signature (main/doh-providers)
console.error: services.settings: 
  main/doh-providers local data was corrupted
console.warn: services.settings: main/doh-providers Signature verified failed. Retry from scratch
console.log: WebExtensions: reset-default-search: starting.
console.log: WebExtensions: reset-default-search: No addons in our list are installed.
1626889362318	Marionette	INFO	Stopped listening on port 54275

###!!! [Child][RunMessage] Error: Channel closing: too late to send/recv, messages will be lost

"--marionette" "-foreground" "-no-remote" "-profile" "C:\\Users\\pfleg\\AppData\\Local\\Temp\\rust_mozprofile2Yalnv"
1626888024267	Marionette	INFO	Marionette enabled
console.warn: SearchSettings: "get: No settings file exists, new profile?" (new NotFoundError("Could not open the file at C:\\Users\\pfleg\\AppData\\Local\\Temp\\rust_mozprofile2Yalnv\\search.json.mozlz4", (void 0)))
1626888026763	Marionette	INFO	Listening on port 58114
1626888027054	Marionette	WARN	TLS certificate errors will be ignored for this session
console.error: services.settings: 
  main/doh-config Signature failed  InvalidSignatureError: Invalid content signature (main/doh-config)
console.error: services.settings: 
  main/doh-config local data was corrupted
console.warn: services.settings: main/doh-config Signature verified failed. Retry from scratch
console.error: services.settings: 
  main/doh-providers Signature failed  InvalidSignatureError: Invalid content signature (main/doh-providers)
console.error: services.settings: 
  main/doh-providers local data was corrupted
console.warn: services.settings: main/doh-providers Signature verified failed. Retry from scratch
console.log: WebExtensions: reset-default-searcconsole.error: services.settings: 
  main/doh-config Signature failed  InvalidSignatureError: Invalid1626889359670	Marionette	INFO	Stopped listening on port 58114

###!!! [Child][RunMessage] Error: Channel closing: too late to send/recv, messages will be lost

ig Signature verified failed. Retry from scratch
console.error: services.settings: 
  main/doh-providers Signature failed  InvalidSignatureError: Invalid content signature (main/doh-providers)
console.error: services.settings: 
  main/doh-providers local data was corrupted
console.warn: services.settings: main/doh-providers Signature verified failed. Retry from scratch
console.log: WebExtensions: reset-default-search: starting.
console.log: WebExtensions: reset-default-search: No addons in our list are installed.
1626889358609	Marionette	INFO	Stopped listening on port 59725

###!!! [Child][RunMessage] Error: Channel closing: too late to send/recv, messages will be lost

ng command: "C:\\Program Files\\Mozilla Firefox\\firefox.exe" "--marionette" "-foreground" "-no-remote" "-profile" "C:\\Users\\pfleg\\AppData\\Local\\Temp\\rust_mozprofileRKJzGm"
1626888739320	Marionette	INFO	Marionette enabled
console.warn: SearchSettings: "get: No settings file exists, new profile?" (new NotFoundError("Could not open the file at C:\\Users\\pfleg\\AppData\\Local\\Temp\\rust_mozprofileRKJzGm\\search.json.mozlz4", (void 0)))
1626888741889	Marionette	INFO	Listening on port 57654

###!!! [Child][MessageChannel] Error: (msgtype=0x390099,name=PContent::Msg_InitBackground) Channel closing: too late to send/recv, messages will be lost

1626888742093	Marionette	WARN	TLS certificate errors will be ignored for this session
console.error: services.settings: 
  main/doh-config Signature failed  InvalidSignatureError: Invalid content signature (main/doh-config)
console.error: services.settings: 
  main/doh-config local data was corrupted
console.warn: services.settings: main/doh-config Signature verified failed. Retry from scratch
console.error: services.settings: 
  main/doh-providers Signature failed  InvalidSignatureError: Invalid content signature (main/doh-providers)
console.error: services.settings: 
  main/doh-providers local data was corrupted
console.warn: services.settings: main/doh-providers Signature verified failed. Retry from scratch
console.log: WebExtensions: reset-default-search: starting.
console.log: WebExtensions: reset-default-search: No addons in our list are installed.
1626889355769	Marionette	INFO	Stopped listening on port 57654

###!!! [Child][RunMessage] Error: Channel closing: too late to send/recv, messages will be lost

ig Signature verified failed. Retry from scratch
console.error: services.settings: 
  main/doh-providers Signature failed  InvalidSignatureError: Invalid content signature (main/doh-providers)
console.error: services.settings: 
  main/doh-providers local data was corrupted
console.warn: services.settings: main/doh-providers Signature verified failed. Retry from scratch
console.log: WebExtensions: reset-default-search: starting.
console.log: WebExtensions: reset-default-search: No addons in our list are installed.
1626889353260	Marionette	INFO	Stopped listening on port 64045

###!!! [Child][RunMessage] Error: Channel closing: too late to send/recv, messages will be lost

1626962290792	geckodriver	INFO	Listening on 127.0.0.1:61649
1626962293802	mozrunner::runner	INFO	Running command: "C:\\Program Files\\Mozilla Firefox\\firefox.exe" "--marionette" "-foreground" "-no-remote" "-profile" "C:\\Users\\pfleg\\AppData\\Local\\Temp\\rust_mozprofileRJZMM8"
1626962294688	Marionette	INFO	Marionette enabled
console.warn: SearchSettings: "get: No settings file exists, new profile?" (new NotFoundError("Could not open the file at C:\\Users\\pfleg\\AppData\\Local\\Temp\\rust_mozprofileRJZMM8\\search.json.mozlz4", (void 0)))
1626962298422	Marionette	INFO	Listening on port 61657
1626962298660	Marionette	WARN	TLS certificate errors will be ignored for this session
1626962334536	Marionette	INFO	Stopped listening on port 61657

###!!! [Child][RunMessage] Error: Channel closing: too late to send/recv, messages will be lost

1626962369046	geckodriver	INFO	Listening on 127.0.0.1:64895
1626962372105	mozrunner::runner	INFO	Running command: "C:\\Program Files\\Mozilla Firefox\\firefox.exe" "--marionette" "-foreground" "-no-remote" "-profile" "C:\\Users\\pfleg\\AppData\\Local\\Temp\\rust_mozprofileqo8ipv"
1626962372548	Marionette	INFO	Marionette enabled
console.warn: SearchSettings: "get: No settings file exists, new profile?" (new NotFoundError("Could not open the file at C:\\Users\\pfleg\\AppData\\Local\\Temp\\rust_mozprofileqo8ipv\\search.json.mozlz4", (void 0)))
1626962375466	Marionette	INFO	Listening on port 64903
1626962375797	Marionette	WARN	TLS certificate errors will be ignored for this session
1626962392791	Marionette	INFO	Stopped listening on port 64903

###!!! [Child][RunMessage] Error: Channel closing: too late to send/recv, messages will be lost

1626965554497	geckodriver	INFO	Listening on 127.0.0.1:55337
1626965557509	mozrunner::runner	INFO	Running command: "C:\\Program Files\\Mozilla Firefox\\firefox.exe" "--marionette" "-foreground" "-no-remote" "-profile" "C:\\Users\\pfleg\\AppData\\Local\\Temp\\rust_mozprofileel6mkg"
1626965558012	Marionette	INFO	Marionette enabled
console.warn: SearchSettings: "get: No settings file exists, new profile?" (new NotFoundError("Could not open the file at C:\\Users\\pfleg\\AppData\\Local\\Temp\\rust_mozprofileel6mkg\\search.json.mozlz4", (void 0)))
1626965560925	Marionette	INFO	Listening on port 64125
1626965561208	Marionette	WARN	TLS certificate errors will be ignored for this session
console.error: services.settings: 
  main/doh-config Signature failed  InvalidSignatureError: Invalid content signature (main/doh-config)
console.error: services.settings: 
  main/doh-config local data was corrupted
console.warn: services.settings: main/doh-config Signature verified failed. Retry from scratch
console.error: services.settings: 
  main/doh-providers Signature failed  InvalidSignatureError: Invalid content signature (main/doh-providers)
console.error: services.settings: 
  main/doh-providers local data was corrupted
console.warn: services.settings: main/doh-providers Signature verified failed. Retry from scratch
console.log: WebExtensions: reset-default-search: starting.
console.log: WebExtensions: reset-default-search: No addons in our list are installed.
1626970662799	Marionette	INFO	Stopped listening on port 64125

###!!! [Child][RunMessage] Error: Channel closing: too late to send/recv, messages will be lost

ig Signature verified failed. Retry from scratch
console.error: services.settings: 
  main/doh-providers Signature failed  InvalidSignatureError: Invalid content signature (main/doh-providers)
console.error: services.settings: 
  main/doh-providers local data was corrupted
console.warn: services.settings: main/doh-providers Signature verified failed. Retry from scratch
console.log: WebExtensions: reset-default-searcconsole.error: services.settings: 
  main/doh-config Signature failed  InvalidSignatureError: Invalid1626970665246	Marionette	INFO	Stopped listening on port 58411

###!!! [Child][RunMessage] Error: Channel closing: too late to send/recv, messages will be lost

ig Signature verified failed. Retry from scratch
console.error: services.settings: 
  main/doh-providers Signature failed  InvalidSignatureError: Invalid content signature (main/doh-providers)
console.error: services.settings: 
  main/doh-providers local data was corrupted
console.warn: services.settings: main/doh-providers Signature verified failed. Retry from scratch
console.log: WebExtensions: reset-default-search: starting.
console.log: WebExtensions: reset-default-search: No addons in our list are installed.
1626970665057	Marionette	INFO	Stopped listening on port 54846

###!!! [Child][RunMessage] Error: Channel closing: too late to send/recv, messages will be lost

ig Signature verified failed. Retry from scratch
console.error: services.settings: 
  main/doh-providers Signature failed  InvalidSignatureError: Invalid content signature (main/doh-providers)
console.error: services.settings: 
  main/doh-providers local data was corrupted
console.warn: services.settings: main/doh-providers Signature verified failed. Retry from scratch
console.log: WebExtensions: reset-default-search: starting.
console.log: WebExtensions: reset-default-search: No addons in our list are installed.
1626970664980	Marionette	INFO	Stopped listening on port 61046

###!!! [Child][RunMessage] Error: Channel closing: too late to send/recv, messages will be lost

ig Signature verified failed. Retry from scratch
console.error: services.settings: 
  main/doh-providers Signature failed  InvalidSignatureError: Invalid content signature (main/doh-providers)
console.error: services.settings: 
  main/doh-providers local data was corrupted
console.warn: services.settings: main/doh-providers Signature verified failed. Retry from scratch
console.log: WebExtensions: reset-default-search: starting.
console.log: WebExtensions: reset-default-search: No addons in our list are installed.
1626970662651	Marionette	INFO	Stopped listening on port 53680

###!!! [Child][RunMessage] Error: Channel closing: too late to send/recv, messages will be lost

ig Signature verified failed. Retry from scratch
console.error: services.settings: 
  main/doh-providers Signature failed  InvalidSignatureError: Invalid content signature (main/doh-providers)
console.error: services.settings: 
  main/doh-providers local data was corrupted
console.warn: services.settings: main/doh-providers Signature verified failed. Retry from scratch
console.log: WebExtensions: reset-default-search: starting.
console.log: WebExtensions: reset-default-search: No addons in our list are installed.
1626970662632	Marionette	INFO	Stopped listening on port 53513

###!!! [Child][RunMessage] Error: Channel closing: too late to send/recv, messages will be lost

"--marionette" "-foreground" "-no-remote" "-profile" "C:\\Users\\pfleg\\AppData\\Local\\Temp\\rust_mozprofile7S9BGD"
1626966364420	Marionette	INFO	Marionette enabled
console.warn: SearchSettings: "get: No settings file exists, new profile?" (new NotFoundError("Could not open the file at C:\\Users\\pfleg\\AppData\\Local\\Temp\\rust_mozprofile7S9BGD\\search.json.mozlz4", (void 0)))
1626966367477	Marionette	INFO	Listening on port 52663
1626966367603	Marionette	WARN	TLS certificate errors will be ignored for this session
console.error: services.settings: 
  main/doh-config Signature failed  InvalidSignatureError: Invalid content signature (main/doh-config)
console.error: services.settings: 
  main/doh-config local data was corrupted
console.warn: services.settings: main/doh-config Signature verified failed. Retry from scratch
console.error: services.settings: 
  main/doh-providers Signature failed  InvalidSignatureError: Invalid content signature (main/doh-providers)
console.error: services.settings: 
  main/doh-providers local data was corrupted
console.warn: services.settings: main/doh-providers Signature verified failed. Retry from scratch
console.log: WebExtensions: reset-default-search: starting.
console.log: WebExtensions: reset-default-search: No addons in our list are installed.
1626970662598	Marionette	INFO	Stopped listening on port 52663

###!!! [Child][RunMessage] Error: Channel closing: too late to send/recv, messages will be lost

ig Signature verified failed. Retry from scratch
console.error: services.settings: 
  main/doh-providers Signature failed  InvalidSignatureError: Invalid content signature (main/doh-providers)
console.error: services.settings: 
  main/doh-providers local data was corrupted
console.warn: services.settings: main/doh-providers Signature verified failed. Retry from scratch
console.log: WebExtensions: reset-default-searcconsole.error: services.settings: 
  main/doh-config Signature failed  InvalidSignatureError: Invalid1626970661458	Marionette	INFO	Stopped listening on port 59593

###!!! [Child][RunMessage] Error: Channel closing: too late to send/recv, messages will be lost

ig Signature verified failed. Retry from scratch
console.error: services.settings: 
  main/doh-providers Signature failed  InvalidSignatureError: Invalid content signature (main/doh-providers)
console.error: services.settings: 
  main/doh-providers local data was corrupted
console.warn: services.settings: main/doh-providers Signature verified failed. Retry from scratch
console.log: WebExtensions: reset-default-search: starting.
console.log: WebExtensions: reset-default-search: No addons in our list are installed.
1626970661059	Marionette	INFO	Stopped listening on port 61759
ettings: 
  main/doh-config local data was corrupted
console.warn: services.settings: main/doh-config Signature verified failed. Retry from scratch
console.error: services.settings: 
  main/doh-providers Signature failed  InvalidSignatureError: Invalid content signature (main/doh-providers)
console.error: services.settings: 
  main/doh-providers local data was corrupted
console.warn: services.settings: main/doh-providers Signature verified failed. Retry from scratch
console.log: WebExtensions: reset-default-search: starting.
console.log: WebExtensions: reset-default-search: No addons in our list are installed.
1626970661030	Marionette	INFO	Stopped listening on port 61811

###!!! [Child][RunMessage] Error: Channel closing: too late to send/recv, messages will be lost

ig Signature verified failed. Retry from scratch
console.error: services.settings: 
  main/doh-providers Signature failed  InvalidSignatureError: Invalid content signature (main/doh-providers)
console.error: services.settings: 
  main/doh-providers local data was corrupted
console.warn: services.settings: main/doh-providers Signature verified failed. Retry from scratch
console.log: WebExtensions: reset-default-search: starting.
console.log: WebExtensions: reset-default-search: No addons in our list are installed.
1626970660989	Marionette	INFO	Stopped listening on port 57112

###!!! [Child][RunMessage] Error: Channel closing: too late to send/recv, messages will be lost

ig Signature verified failed. Retry from scratch
console.error: services.settings: 
  main/doh-providers Signature failed  InvalidSignatureError: Invalid content signature (main/doh-providers)
console.error: services.settings: 
  main/doh-providers local data was corrupted
console.warn: services.settings: main/doh-providers Signature verified failed. Retry from scratch
console.log: WebExtensions: reset-default-searcconsole.error: services.settings: 
  main/doh-config Signature failed  InvalidSignatureError: Invalid1626970660386	Marionette	INFO	Stopped listening on port 57166

###!!! [Child][RunMessage] Error: Channel closing: too late to send/recv, messages will be lost

ig Signature verified failed. Retry from scratch
console.error: services.settings: 
  main/doh-providers Signature failed  InvalidSignatureError: Invalid content signature (main/doh-providers)
console.error: services.settings: 
  main/doh-providers local data was corrupted
console.warn: services.settings: main/doh-providers Signature verified failed. Retry from scratch
console.log: WebExtensions: reset-default-search: starting.
console.log: WebExtensions: reset-default-search: No addons in our list are installed.
1626970660392	Marionette	INFO	Stopped listening on port 64734

###!!! [Child][RunMessage] Error: Channel closing: too late to send/recv, messages will be lost

ig Signature verified failed. Retry from scratch
console.error: services.settings: 
  main/doh-providers Signature failed  InvalidSignatureError: Invalid content signature (main/doh-providers)
console.error: services.settings: 
  main/doh-providers local data was corrupted
console.warn: services.settings: main/doh-providers Signature verified failed. Retry from scratch
console.log: WebExtensions: reset-default-search: starting.
console.log: WebExtensions: reset-default-search: No addons in our list are installed.
1626970659912	Marionette	INFO	Stopped listening on port 64787

###!!! [Child][RunMessage] Error: Channel closing: too late to send/recv, messages will be lost

ig Signature verified failed. Retry from scratch
console.error: services.settings: 
  main/doh-providers Signature failed  InvalidSignatureError: Invalid content signature (main/doh-providers)
console.error: services.settings: 
  main/doh-providers local data was corrupted
console.warn: services.settings: main/doh-providers Signature verified failed. Retry from scratch
console.log: WebExtensions: reset-default-search: starting.
console.log: WebExtensions: reset-default-search: No addons in our list are installed.
1626970659700	Marionette	INFO	Stopped listening on port 60709

###!!! [Child][RunMessage] Error: Channel closing: too late to send/recv, messages will be lost

ig Signature verified failed. Retry from scratch
console.error: services.settings: 
  main/doh-providers Signature failed  InvalidSignatureError: Invalid content signature (main/doh-providers)
console.error: services.settings: 
  main/doh-providers local data was corrupted
console.warn: services.settings: main/doh-providers Signature verified failed. Retry from scratch
console.log: WebExtensions: reset-default-search: starting.
console.log: WebExtensions: reset-default-search: No addons in our list are installed.
1626970659242	Marionette	INFO	Stopped listening on port 58639

###!!! [Child][RunMessage] Error: Channel closing: too late to send/recv, messages will be lost

"--marionette" "-foreground" "-no-remote" "-profile" "C:\\Users\\pfleg\\AppData\\Local\\Temp\\rust_mozprofileMJMS4D"
1626967368134	Marionette	INFO	Marionette enabled
console.warn: SearchSettings: "get: No settings file exists, new profile?" (new NotFoundError("Could not open the file at C:\\Users\\pfleg\\AppData\\Local\\Temp\\rust_mozprofileMJMS4D\\search.json.mozlz4", (void 0)))
1626967371160	Marionette	INFO	Listening on port 52442
1626967371340	Marionette	WARN	TLS certificate errors will be ignored for this session
console.error: services.settings: 
  main/doh-config Signature failed  InvalidSignatureError: Invalid content signature (main/doh-config)
console.error: services.settings: 
  main/doh-config local data was corrupted
console.warn: services.settings: main/doh-config Signature verified failed. Retry from scratch
console.error: services.settings: 
  main/doh-providers Signature failed  InvalidSignatureError: Invalid content signature (main/doh-providers)
console.error: services.settings: 
  main/doh-providers local data was corrupted
console.warn: services.settings: main/doh-providers Signature verified failed. Retry from scratch
console.log: WebExtensions: reset-default-search: starting.
console.log: WebExtensions: reset-default-search: No addons in our list are installed.
1626970658684	Marionette	INFO	Stopped listening on port 52442

###!!! [Child][RunMessage] Error: Channel closing: too late to send/recv, messages will be lost

ig Signature verified failed. Retry from scratch
console.error: services.settings: 
  main/doh-providers Signature failed  InvalidSignatureError: Invalid content signature (main/doh-providers)
console.error: services.settings: 
  main/doh-providers local data was corrupted
console.warn: services.settings: main/doh-providers Signature verified failed. Retry from scratch
console.log: WebExtensions: reset-default-searcconsole.error: services.settings: 
  main/doh-config Signature failed  InvalidSignatureError: Invalid1626970658134	Marionette	INFO	Stopped listening on port 51789

###!!! [Child][RunMessage] Error: Channel closing: too late to send/recv, messages will be lost

ig Signature verified failed. Retry from scratch
console.error: services.settings: 
  main/doh-providers Signature failed  InvalidSignatureError: Invalid content signature (main/doh-providers)
console.error: services.settings: 
  main/doh-providers local data was corrupted
console.warn: services.settings: main/doh-providers Signature verified failed. Retry from scratch
console.log: WebExtensions: reset-default-search: starting.
console.log: WebExtensions: reset-default-search: No addons in our list are installed.
1626970657443	Marionette	INFO	Stopped listening on port 58913

###!!! [Child][RunMessage] Error: Channel closing: too late to send/recv, messages will be lost

ig Signature verified failed. Retry from scratch
console.error: services.settings: 
  main/doh-providers Signature failed  InvalidSignatureError: Invalid content signature (main/doh-providers)
console.error: services.settings: 
  main/doh-providers local data was corrupted
console.warn: services.settings: main/doh-providers Signature verified failed. Retry from scratch
console.log: WebExtensions: reset-default-search: starting.
console.log: WebExtensions: reset-default-search: No addons in our list are installed.
1626970654613	Marionette	INFO	Stopped listening on port 54626

###!!! [Child][RunMessage] Error: Channel closing: too late to send/recv, messages will be lost

ig Signature verified failed. Retry from scratch
console.error: services.settings: 
  main/doh-providers Signature failed  InvalidSignatureError: Invalid content signature (main/doh-providers)
console.error: services.settings: 
  main/doh-providers local data was corrupted
console.warn: services.settings: main/doh-providers Signature verified failed. Retry from scratch
console.log: WebExtensions: reset-default-search: starting.
console.log: WebExtensions: reset-default-search: No addons in our list are installed.

###!!! [Child][MessageChannel] Error: (msgtype=0x390157,name=PContent::Msg_InsertNewFocusActionId) Closed channel: cannot send/recv

Data\\Local\\Temp\\rust_mozprofileNvoS3K"
1626967834096	Marionette	INFO	Marionette enabled
console.warn: SearchSettings: "get: No settings file exists, new profile?" (new NotFoundError("Could not open the file at C:\\Users\\pfleg\\AppData\\Local\\Temp\\rust_mozprofileNvoS3K\\search.json.mozlz4", (void 0)))
1626967837420	Marionette	INFO	Listening on port 60153
1626967837793	Marionette	WARN	TLS certificate errors will be ignored for this session
[Parent 30596, IPC I/O Parent] WARNING: pipe error: 232: file /builds/worker/checkouts/gecko/ipc/chromium/src/chrome/common/ipc_channel_win.cc:544
1626967884988	Marionette	INFO	Stopped listening on port 60153

###!!! [Child][RunMessage] Error: Channel closing: too late to send/recv, messages will be lost

arionette enabled
console.warn: SearchSettings: "get: No settings file exists, new profile?" (new NotFoundError("Could not open the file at C:\\Users\\pfleg\\AppData\\Local\\Temp\\rust_mozprofileTYkLFc\\search.json.mozlz4", (void 0)))
1626967844903	Marionette	INFO	Listening on port 60279
1626967844980	Marionette	WARN	TLS certificate errors will be ignored for this session
1626967885759	Marionette	INFO	Stopped listening on port 60279

###!!! [Child][RunMessage] Error: Channel closing: too late to send/recv, messages will be lost

1626967971714	geckodriver	INFO	Listening on 127.0.0.1:50878
1626967974725	mozrunner::runner	INFO	Running command: "C:\\Program Files\\Mozilla Firefox\\firefox.exe" "--marionette" "-foreground" "-no-remote" "-profile" "C:\\Users\\pfleg\\AppData\\Local\\Temp\\rust_mozprofileTmQfFe"
1626967975281	Marionette	INFO	Marionette enabled
console.warn: SearchSettings: "get: No settings file exists, new profile?" (new NotFoundError("Could not open the file at C:\\Users\\pfleg\\AppData\\Local\\Temp\\rust_mozprofileTmQfFe\\search.json.mozlz4", (void 0)))
1626967978599	Marionette	INFO	Listening on port 55252
1626967978937	Marionette	WARN	TLS certificate errors will be ignored for this session
console.error: services.settings: 
  main/doh-config Signature failed  InvalidSignatureError: Invalid content signature (main/doh-config)
console.error: services.settings: 
  main/doh-config local data was corrupted
console.warn: services.settings: main/doh-config Signature verified failed. Retry from scratch
console.error: services.settings: 
  main/doh-providers Signature failed  InvalidSignatureError: Invalid content signature (main/doh-providers)
console.error: services.settings: 
  main/doh-providers local data was corrupted
console.warn: services.settings: main/doh-providers Signature verified failed. Retry from scratch
console.log: WebExtensions: reset-default-search: starting.
console.log: WebExtensions: reset-default-search: No addons in our list are installed.
[Parent 32760, IPC I/O Parent] WARNING: file /builds/worker/checkouts/gecko/ipc/chromium/src/base/process_util_win.cc:167
JavaScript error: resource://gre/actors/AutoCompleteChild.jsm, line 165: InvalidStateError: JSWindowActorChild.sendAsyncMessage: JSWindowActorChild cannot send at the moment

###!!! [Child][MessageChannel] Error: (msgtype=0x390157,name=PContent::Msg_InsertNewFocusActionId) Closed channel: cannot send/recv

rupted
console.warn: services.settings: main/doh-providers Signature verified failed. Retry from scratch
console.log: WebExtensions: reset-default-search: starting.
console.log: WebExtensions: reset-default-search: No addons in our list are installed.
1626970653772	Marionette	INFO	Stopped listening on port 63570

###!!! [Child][RunMessage] Error: Channel closing: too late to send/recv, messages will be lost

ig Signature verified failed. Retry from scratch
console.error: services.settings: 
  main/doh-providers Signature failed  InvalidSignatureError: Invalid content signature (main/doh-providers)
console.error: services.settings: 
  main/doh-providers local data was corrupted
console.warn: services.settings: main/doh-providers Signature verified failed. Retry from scratch
console.log: WebExtensions: reset-default-search: starting.
console.log: WebExtensions: reset-default-search: No addons in our list are installed.
1626970651927	Marionette	INFO	Stopped listening on port 52506

###!!! [Child][RunMessage] Error: Channel closing: too late to send/recv, messages will be lost

1627046557139	geckodriver	INFO	Listening on 127.0.0.1:57662
1627046560171	mozrunner::runner	INFO	Running command: "C:\\Program Files\\Mozilla Firefox\\firefox.exe" "--marionette" "-foreground" "-no-remote" "-profile" "C:\\Users\\pfleg\\AppData\\Local\\Temp\\rust_mozprofileEGu310"
1627046561025	Marionette	INFO	Marionette enabled
console.warn: SearchSettings: "get: No settings file exists, new profile?" (new NotFoundError("Could not open the file at C:\\Users\\pfleg\\AppData\\Local\\Temp\\rust_mozprofileEGu310\\search.json.mozlz4", (void 0)))
1627046564035	Marionette	INFO	Listening on port 55116
1627046564393	Marionette	WARN	TLS certificate errors will be ignored for this session
JavaScript error: http://127.0.0.1:8000/static/network/customizing.js, line 5: TypeError: new_post is null
JavaScript error: http://127.0.0.1:8000/static/network/customizing.js, line 5: TypeError: new_post is null
console.error: services.settings: 
  main/doh-config Signature failed  InvalidSignatureError: Invalid content signature (main/doh-config)
console.error: services.settings: 
  main/doh-config local data was corrupted
console.warn: services.settings: main/doh-config Signature verified failed. Retry from scratch
console.error: services.settings: 
  main/doh-providers Signature failed  InvalidSignatureError: Invalid content signature (main/doh-providers)
console.error: services.settings: 
  main/doh-providers local data was corrupted
console.warn: services.settings: main/doh-providers Signature verified failed. Retry from scratch
console.log: WebExtensions: reset-default-search: starting.
console.log: WebExtensions: reset-default-search: No addons in our list are installed.
1627054903898	Marionette	INFO	Stopped listening on port 55116

###!!! [Child][RunMessage] Error: Channel closing: too late to send/recv, messages will be lost

fig Signature failed  InvalidSignatureError: Invalid content signature (main/doh-config)
console.error: services.settings: 
  main/doh-config local data was corrupted
console.warn: services.settings: main/doh-config Signature verified failed. Retry from scratch
console.error: services.settings: 
  main/doh-providers Signature failed  InvalidSignatureError: Invalid content signature (main/doh-providers)
console.error: services.settings: 
  main/doh-providers local data was corrupted
console.warn: services.settings: main/doh-providers Signature verified failed. Retry from scratch
console.log: WebExtensions: reset-default-search: starting.
console.log: WebExtensions: reset-default-search: No addons in our list are installed.
1627054902584	Marionette	INFO	Stopped listening on port 52209

###!!! [Child][RunMessage] Error: Channel closing: too late to send/recv, messages will be lost

fig Signature failed  InvalidSignatureError: Invalid content signature (main/doh-config)
console.error: services.settings: 
  main/doh-config local data was corrupted
console.warn: services.settings: main/doh-config Signature verified failed. Retry from scratch
console.error: services.settings: 
  main/doh-providers Signature failed  InvalidSignatureError: Invalid content signature (main/doh-providers)
console.error: services.settings: 
  main/doh-providers local data was corrupted
console.warn: services.settings: main/doh-providers Signature verified failed. Retry from scratch
console.log: WebExtensions: reset-default-search: starting.
console.log: WebExtensions: reset-default-search: No addons in our list are installed.
1627054901400	Marionette	INFO	Stopped listening on port 51093

###!!! [Child][RunMessage] Error: Channel closing: too late to send/recv, messages will be lost

work/customizing.js, line 5: TypeError: new_post is null
console.error: services.settings: 
  main/doh-config Signature failed  InvalidSignatureError: Invalid content signature (main/doh-config)
console.error: services.settings: 
  main/doh-config local data was corrupted
console.warn: services.settings: main/doh-config Signature verified failed. Retry from scratch
console.error: services.settings: 
  main/doh-providers Signature failed  InvalidSignatureError: Invalid content signature (main/doh-providers)
console.error: services.settings: 
  main/doh-providers local data was corrupted
console.warn: services.settings: main/doh-providers Signature verified failed. Retry from scratch
console.log: WebExtensions: reset-default-search: starting.
console.log: WebExtensions: reset-default-search: No addons in our list are installed.
[Parent 3448, IPC I/O Parent] WARNING: file /builds/worker/checkouts/gecko/ipc/chromium/src/base/process_util_win.cc:167
1627054899939	Marionette	INFO	Stopped listening on port 59496

###!!! [Child][RunMessage] Error: Channel closing: too late to send/recv, messages will be lost

failed  InvalidSignatureError: Invalid content signature (main/doh-config)
console.error: services.settings: 
  main/doh-config local data was corrupted
console.warn: services.settings: main/doh-config Signature verified failed. Retry from scratch
console.error: services.settings: 
  main/doh-providers Signature failed  InvalidSignatureError: Invalid content signature (main/doh-providers)
console.error: services.settings: 
  main/doh-providers local data was corrupted
console.warn: services.settings: main/doh-providers Signature verified failed. Retry from scratch
console.log: WebExtensions: reset-default-search: starting.
console.log: WebExtensions: reset-default-search: No addons in our list are installed.
1627054893743	Marionette	INFO	Stopped listening on port 62970

###!!! [Child][RunMessage] Error: Channel closing: too late to send/recv, messages will be lost

work/customizing.js, line 5: TypeError: new_post is null
console.error: services.settings: 
  main/doh-config Signature failed  InvalidSignatureError: Invalid content signature (main/doh-config)
console.error: services.settings: 
  main/doh-config local data was corrupted
console.warn: services.settings: main/doh-config Signature verified failed. Retry from scratch
console.error: services.settings: 
  main/doh-providers Signature failed  InvalidSignatureError: Invalid content signature (main/doh-providers)
console.error: services.settings: 
  main/doh-providers local data was corrupted
console.warn: services.settings: main/doh-providers Signature verified failed. Retry from scratch
console.log: WebExtensions: reset-default-search: starting.
console.log: WebExtensions: reset-default-search: No addons in our list are installed.
[Parent 15760, IPC I/O Parent] WARNING: file /builds/worker/checkouts/gecko/ipc/chromium/src/base/process_util_win.cc:167
1627054897645	Marionette	INFO	Stopped listening on port 58347

###!!! [Child][RunMessage] Error: Channel closing: too late to send/recv, messages will be lost

 
  main/doh-config local data was corrupted
console.warn: services.settings: main/doh-config Signature verified failed. Retry from scratch
console.error: services.settings: 
  main/doh-providers Signature failed  InvalidSignatureError: Invalid content signature (main/doh-providers)
console.error: services.settings: 
  main/doh-providers local data was corrupted
console.warn: services.settings: main/doh-providers Signature verified failed. Retry from scratch
console.log: WebExtensions: reset-default-search: starting.
console.log: WebExtensions: reset-default-search: No addons in our list are installed.
1627054899033	Marionette	INFO	Stopped listening on port 64619

###!!! [Child][RunMessage] Error: Channel closing: too late to send/recv, messages will be lost

1627060811044	geckodriver	INFO	Listening on 127.0.0.1:55980
1627060814074	mozrunner::runner	INFO	Running command: "C:\\Program Files\\Mozilla Firefox\\firefox.exe" "--marionette" "-foreground" "-no-remote" "-profile" "C:\\Users\\pfleg\\AppData\\Local\\Temp\\rust_mozprofilenQnVOh"
1627060814616	Marionette	INFO	Marionette enabled
console.warn: SearchSettings: "get: No settings file exists, new profile?" (new NotFoundError("Could not open the file at C:\\Users\\pfleg\\AppData\\Local\\Temp\\rust_mozprofilenQnVOh\\search.json.mozlz4", (void 0)))
1627060817610	Marionette	INFO	Listening on port 50466
1627060817779	Marionette	WARN	TLS certificate errors will be ignored for this session
JavaScript error: http://127.0.0.1:8000/static/network/customizing.js, line 5: TypeError: new_post is null
JavaScript error: http://127.0.0.1:8000/static/network/customizing.js, line 5: TypeError: new_post is null
console.error: services.settings: 
  main/doh-providers Signature failed  InvalidSignatureError: Invalid content signature (main/doh-providers)
console.error: services.settings: 
  main/doh-providers local data was corrupted
console.warn: services.settings: main/doh-providers Signature verified failed. Retry from scratch
console.error: services.settings: 
  main/doh-config Signature failed  InvalidSignatureError: Invalid content signature (main/doh-config)
console.error: services.settings: 
  main/doh-config local data was corrupted
console.warn: services.settings: main/doh-config Signature verified failed. Retry from scratch
console.log: WebExtensions: reset-default-search: starting.
console.log: WebExtensions: reset-default-search: No addons in our list are installed.
JavaScript error: resource://gre/actors/AutoCompleteChild.jsm, line 165: InvalidStateError: JSWindowActorChild.sendAsyncMessage: JSWindowActorChild cannot send at the moment

###!!! [Child][MessageChannel] Error: (msgtype=0x390158,name=PContent::Msg_InsertNewFocusActionId) Closed channel: cannot send/recv


###!!! [Parent][RunMessage] Error: Channel error: cannot send/recv


###!!! [Parent][RunMessage] Error: Channel error: cannot send/recv

le.warn: services.settings: main/doh-providers Signature verified failed. Retry from scratch
console.error: services.settings: 
  main/doh-config Signature failed  InvalidSignatureError: Invalid content signature (main/doh-config)
console.error: services.settings: 
  main/doh-config local data was corrupted
console.warn: services.settings: main/doh-config Signature verified failed. Retry from scratch
console.log: WebExtensions: reset-default-search: starting.
console.log: WebExtensions: reset-default-search: No addons in our list are installed.

###!!! [Child][MessageChannel] Error: (msgtype=0x390158,name=PContent::Msg_InsertNewFocusActionId) Closed channel: cannot send/recv


###!!! [Parent][RunMessage] Error: Channel error: cannot send/recv


###!!! [Parent][RunMessage] Error: Channel error: cannot send/recv

1627063039864	Marionette	INFO	Marionette enabled
console.warn: SearchSettings: "get: No settings file exists, new profile?" (new NotFoundError("Could not open the file at C:\\Users\\pfleg\\AppData\\Local\\Temp\\rust_mozprofile6m20qz\\search.json.mozlz4", (void 0)))
1627063043106	Marionette	INFO	Listening on port 56350
1627063043604	Marionette	WARN	TLS certificate errors will be ignored for this session
JavaScript error: http://127.0.0.1:8000/static/network/customizing.js, line 5: TypeError: new_post is null
JavaScript error: http://127.0.0.1:8000/static/network/customizing.js, line 5: TypeError: new_post is null
JavaScript error: http://127.0.0.1:8000/static/network/customizing.js, line 16: TypeError: document.querySelector(...) is null
console.error: services.settings: 
  main/doh-providers Signature failed  InvalidSignatureError: Invalid content signature (main/doh-providers)
console.error: services.settings: 
  main/doh-providers local data was corrupted
console.warn: services.settings: main/doh-providers Signature verified failed. Retry from scratch
console.error: services.settings: 
  main/doh-config Signature failed  InvalidSignatureError: Invalid content signature (main/doh-config)
console.error: services.settings: 
  main/doh-config local data was corrupted
console.warn: services.settings: main/doh-config Signature verified failed. Retry from scratch
console.log: WebExtensions: reset-default-search: starting.
console.log: WebExtensions: reset-default-search: No addons in our list are installed.

###!!! [Child][MessageChannel] Error: (msgtype=0x390158,name=PContent::Msg_InsertNewFocusActionId) Closed channel: cannot send/recv

[Parent 3548, IPC I/O Parent] WARNING: file /builds/worker/checkouts/gecko/ipc/chromium/src/base/process_util_win.cc:167
rvices.settings: 
  main/doh-providers Signature failed  InvalidSignatureError: Invalid content signature (main/doh-providers)
console.error: services.settings: 
  main/doh-providers local data was corrupted
console.warn: services.settings: main/doh-providers Signature verified failed. Retry from scratch
console.error: services.settings: 
  main/doh-config Signature failed  InvalidSignatureError: Invalid content signature (main/doh-config)
console.error: services.settings: 
  main/doh-config local data was corrupted
console.warn: services.settings: main/doh-config Signature verified failed. Retry from scratch
console.log: WebExtensions: reset-default-search: starting.
console.log: WebExtensions: reset-default-search: No addons in our list are installed.

###!!! [Child][MessageChannel] Error: (msgtype=0x390158,name=PContent::Msg_InsertNewFocusActionId) Closed channel: cannot send/recv

//127.0.0.1:8000/static/network/customizing.js, line 16: TypeError: document.querySelector(...) is null
console.error: services.settings: 
  main/doh-providers Signature failed  InvalidSignatureError: Invalid content signature (main/doh-providers)
console.error: services.settings: 
  main/doh-providers local data was corrupted
console.warn: services.settings: main/doh-providers Signature verified failed. Retry from scratch
console.error: services.settings: 
  main/doh-config Signature failed  InvalidSignatureError: Invalid content signature (main/doh-config)
console.error: services.settings: 
  main/doh-config local data was corrupted
console.warn: services.settings: main/doh-config Signature verified failed. Retry from scratch
console.log: WebExtensions: reset-default-search: starting.
console.log: WebExtensions: reset-default-search: No addons in our list are installed.

###!!! [Child][MessageChannel] Error: (msgtype=0x390158,name=PContent::Msg_InsertNewFocusActionId) Closed channel: cannot send/recv

//127.0.0.1:8000/static/network/customizing.js, line 16: TypeError: document.querySelector(...) is null
console.error: services.settings: 
  main/doh-providers Signature failed  InvalidSignatureError: Invalid content signature (main/doh-providers)
console.error: services.settings: 
  main/doh-providers local data was corrupted
console.warn: services.settings: main/doh-providers Signature verified failed. Retry from scratch
console.error: services.settings: 
  main/doh-config Signature failed  InvalidSignatureError: Invalid content signature (main/doh-config)
console.error: services.settings: 
  main/doh-config local data was corrupted
console.warn: services.settings: main/doh-config Signature verified failed. Retry from scratch
console.log: WebExtensions: reset-default-search: starting.
console.log: WebExtensions: reset-default-search: No addons in our list are installed.

###!!! [Child][MessageChannel] Error: (msgtype=0x390158,name=PContent::Msg_InsertNewFocusActionId) Closed channel: cannot send/recv

//127.0.0.1:8000/static/network/customizing.js, line 16: TypeError: document.querySelector(...) is null
console.error: services.settings: 
  main/doh-providers Signature failed  InvalidSignatureError: Invalid content signature (main/doh-providers)
console.error: services.settings: 
  main/doh-providers local data was corrupted
console.warn: services.settings: main/doh-providers Signature verified failed. Retry from scratch
console.error: services.settings: 
  main/doh-config Signature failed  InvalidSignatureError: Invalid content signature (main/doh-config)
console.error: services.settings: 
  main/doh-config local data was corrupted
console.warn: services.settings: main/doh-config Signature verified failed. Retry from scratch
console.log: WebExtensions: reset-default-search: starting.
console.log: WebExtensions: reset-default-search: No addons in our list are installed.

###!!! [Child][MessageChannel] Error: (msgtype=0x390158,name=PContent::Msg_InsertNewFocusActionId) Closed channel: cannot send/recv

//127.0.0.1:8000/static/network/customizing.js, line 16: TypeError: document.querySelector(...) is null
console.error: services.settings: 
  main/doh-providers Signature failed  InvalidSignatureError: Invalid content signature (main/doh-providers)
console.error: services.settings: 
  main/doh-providers local data was corrupted
console.warn: services.settings: main/doh-providers Signature verified failed. Retry from scratch
console.error: services.settings: 
  main/doh-config Signature failed  InvalidSignatureError: Invalid content signature (main/doh-config)
console.error: services.settings: 
  main/doh-config local data was corrupted
console.warn: services.settings: main/doh-config Signature verified failed. Retry from scratch
console.log: WebExtensions: reset-default-search: starting.
console.log: WebExtensions: reset-default-search: No addons in our list are installed.

###!!! [Child][MessageChannel] Error: (msgtype=0x390158,name=PContent::Msg_InsertNewFocusActionId) Closed channel: cannot send/recv

//127.0.0.1:8000/static/network/customizing.js, line 16: TypeError: document.querySelector(...) is null
console.error: services.settings: 
  main/doh-providers Signature failed  InvalidSignatureError: Invalid content signature (main/doh-providers)
console.error: services.settings: 
  main/doh-providers local data was corrupted
console.warn: services.settings: main/doh-providers Signature verified failed. Retry from scratch
console.error: services.settings: 
  main/doh-config Signature failed  InvalidSignatureError: Invalid content signature (main/doh-config)
console.error: services.settings: 
  main/doh-config local data was corrupted
console.warn: services.settings: main/doh-config Signature verified failed. Retry from scratch
console.log: WebExtensions: reset-default-search: starting.
console.log: WebExtensions: reset-default-search: No addons in our list are installed.

###!!! [Child][MessageChannel] Error: (msgtype=0x390158,name=PContent::Msg_InsertNewFocusActionId) Closed channel: cannot send/recv


###!!! [Parent][RunMessage] Error: Channel error: cannot send/recv


###!!! [Parent][RunMessage] Error: Channel error: cannot send/recv

ain/doh-providers Signature failed  InvalidSignatureError: Invalid content signature (main/doh-providers)
console.error: services.settings: 
  main/doh-providers local data was corrupted
console.warn: services.settings: main/doh-providers Signature verified failed. Retry from scratch
console.error: services.settings: 
  main/doh-config Signature failed  InvalidSignatureError: Invalid content signature (main/doh-config)
console.error: services.settings: 
  main/doh-config local data was corrupted
console.warn: services.settings: main/doh-config Signature verified failed. Retry from scratch
console.log: WebExtensions: reset-default-search: starting.
console.log: WebExtensions: reset-default-search: No addons in our list are installed.

###!!! [Child][MessageChannel] Error: (msgtype=0x390158,name=PContent::Msg_InsertNewFocusActionId) Closed channel: cannot send/recv

//127.0.0.1:8000/static/network/customizing.js, line 16: TypeError: document.querySelector(...) is null
console.error: services.settings: 
  main/doh-providers Signature failed  InvalidSignatureError: Invalid content signature (main/doh-providers)
console.error: services.settings: 
  main/doh-providers local data was corrupted
console.warn: services.settings: main/doh-providers Signature verified failed. Retry from scratch
console.error: services.settings: 
  main/doh-config Signature failed  InvalidSignatureError: Invalid content signature (main/doh-config)
console.error: services.settings: 
  main/doh-config local data was corrupted
console.warn: services.settings: main/doh-config Signature verified failed. Retry from scratch
console.log: WebExtensions: reset-default-search: starting.
console.log: WebExtensions: reset-default-search: No addons in our list are installed.

###!!! [Child][MessageChannel] Error: (msgtype=0x390158,name=PContent::Msg_InsertNewFocusActionId) Closed channel: cannot send/recv

1627102473016	geckodriver	INFO	Listening on 127.0.0.1:63388
1627102476038	mozrunner::runner	INFO	Running command: "C:\\Program Files\\Mozilla Firefox\\firefox.exe" "--marionette" "-foreground" "-no-remote" "-profile" "C:\\Users\\pfleg\\AppData\\Local\\Temp\\rust_mozprofileEizwAy"
1627102476821	Marionette	INFO	Marionette enabled
console.warn: SearchSettings: "get: No settings file exists, new profile?" (new NotFoundError("Could not open the file at C:\\Users\\pfleg\\AppData\\Local\\Temp\\rust_mozprofileEizwAy\\search.json.mozlz4", (void 0)))
1627102479734	Marionette	INFO	Listening on port 63396
1627102480256	Marionette	WARN	TLS certificate errors will be ignored for this session
JavaScript error: http://127.0.0.1:8000/static/network/customizing.js, line 5: TypeError: new_post is null
JavaScript error: http://127.0.0.1:8000/static/network/customizing.js, line 5: TypeError: new_post is null
JavaScript error: http://127.0.0.1:8000/static/network/customizing.js, line 16: TypeError: document.querySelector(...) is null
1627102557905	Marionette	INFO	Stopped listening on port 63396
1627102562116	geckodriver	INFO	Listening on 127.0.0.1:55121
1627102565156	mozrunner::runner	INFO	Running command: "C:\\Program Files\\Mozilla Firefox\\firefox.exe" "--marionette" "-foreground" "-no-remote" "-profile" "C:\\Users\\pfleg\\AppData\\Local\\Temp\\rust_mozprofilekkFFTe"
1627102565755	Marionette	INFO	Marionette enabled
console.warn: SearchSettings: "get: No settings file exists, new profile?" (new NotFoundError("Could not open the file at C:\\Users\\pfleg\\AppData\\Local\\Temp\\rust_mozprofilekkFFTe\\search.json.mozlz4", (void 0)))
1627102569245	Marionette	INFO	Listening on port 55129
1627102569343	Marionette	WARN	TLS certificate errors will be ignored for this session
JavaScript error: http://127.0.0.1:8000/static/network/customizing.js, line 5: TypeError: new_post is null
JavaScript error: http://127.0.0.1:8000/static/network/customizing.js, line 5: TypeError: new_post is null
JavaScript error: http://127.0.0.1:8000/static/network/customizing.js, line 16: TypeError: document.querySelector(...) is null
JavaScript error: http://127.0.0.1:8000/static/network/customizing.js, line 16: TypeError: document.querySelector(...) is null
1627102592515	Marionette	INFO	Stopped listening on port 55121627102593317	mozrunner::runner	INFO	Running command: "C:\\Program Files\\Mozilla Firefox\\firefox.exe" "--marionette" "-foreground" "-no-remote" "-profile" "C:\\Users\\pfleg\\AppData\\Local\\Temp\\rust_mozprofilekFkwb5"
1627102593795	Marionette	INFO	Marionette enabled
console.warn: SearchSettings: "get: No settings file exists, new profile?" (new NotFoundError("Could not open the file at C:\\Users\\pfleg\\AppData\\Local\\Temp\\rust_mozprofilekFkwb5\\search.json.mozlz4", (void 0)))
1627102596535	Marionette	INFO	Listening on port 50925
1627102597009	Marionette	WARN	TLS certificate errors will be ignored for this session
JavaScript error: http://127.0.0.1:8000/static/network/customizing.js, line 5: TypeError: new_post is null
JavaScript error: http://127.0.0.1:8000/static/network/customizing.js, line 5: TypeError: new_post is null
JavaScript error: http://127.0.0.1:8000/static/network/customizing.js, line 16: TypeError: document.querySelector(...) is null
JavaScript error: http://127.0.0.1:8000/static/network/customizing.js, line 16: TypeError: document.querySelector(...) is null
1627102638789	Marionette	INFO	Stopped listening on port 50925

###!!! [Child][RunMessage] Error: Channel closing: too late to send/recv, messages will be lost

"--marionette" "-foreground" "-no-remote" "-profile" "C:\\Users\\pfleg\\AppData\\Local\\Temp\\rust_mozprofile3FrrbE"
1627102626771	Marionette	INFO	Marionette enabled
console.warn: SearchSettings: "get: No settings file exists, new profile?" (new NotFoundError("Could not open the file at C:\\Users\\pfleg\\AppData\\Local\\Temp\\rust_mozprofile3FrrbE\\search.json.mozlz4", (void 0)))
1627102629419	Marionette	INFO	Listening on port 50988
1627102629490	Marionette	WARN	TLS certificate errors will be ignored for this session
JavaScript error: http://127.0.0.1:8000/static/network/customizing.js, line 5: TypeError: new_post is null
JavaScript error: http://127.0.0.1:8000/static/network/customizing.js, line 5: TypeError: new_post is null
JavaScript error: http://127.0.0.1:8000/static/network/customizing.js, line 16: TypeError: document.querySelector(...) is null
JavaScript error: http://127.0.0.1:8000/static/network/customizing.js, line 16: TypeError: document.querySelector(...) is null
1627102635644	Marionette	INFO	Stopped listening on port 50988

###!!! [Child][RunMessage] Error: Channel closing: too late to send/recv, messages will be lost

1627103056334	geckodriver	INFO	Listening on 127.0.0.1:52478
1627103059360	mozrunner::runner	INFO	Running command: "C:\\Program Files\\Mozilla Firefox\\firefox.exe" "--marionette" "-foreground" "-no-remote" "-profile" "C:\\Users\\pfleg\\AppData\\Local\\Temp\\rust_mozprofileMxe29N"
1627103059799	Marionette	INFO	Marionette enabled
console.warn: SearchSettings: "get: No settings file exists, new profile?" (new NotFoundError("Could not open the file at C:\\Users\\pfleg\\AppData\\Local\\Temp\\rust_mozprofileMxe29N\\search.json.mozlz4", (void 0)))
1627103062461	Marionette	INFO	Listening on port 52486
1627103062552	Marionette	WARN	TLS certificate errors will be ignored for this session
JavaScript error: http://127.0.0.1:8000/static/network/customizing.js, line 5: TypeError: new_post is null
JavaScript error: http://127.0.0.1:8000/static/network/customizing.js, line 5: TypeError: new_post is null
JavaScript error: http://127.0.0.1:8000/static/network/customizing.js, line 16: TypeError: document.querySelector(...) is null
console.error: services.settings: 
  main/doh-providers Signature failed  InvalidSignatureError: Invalid content signature (main/doh-providers)
console.error: services.settings: 
  main/doh-providers local data was corrupted
console.warn: services.settings: main/doh-providers Signature verified failed. Retry from scratch
console.error: services.settings: 
  main/doh-config Signature failed  InvalidSignatureError: Invalid content signature (main/doh-config)
console.error: services.settings: 
  main/doh-config local data was corrupted
console.warn: services.settings: main/doh-config Signature verified failed. Retry from scratch
console.log: WebExtensions: reset-default-search: starting.
console.log: WebExtensions: reset-default-search: No addons in our list are installed.
1627103640576	Marionette	INFO	Stopped listening on port 52486

###!!! [Child][RunMessage] Error: Channel closing: too late to send/recv, messages will be lost

work/customizing.js, line 16: TypeError: document.querySelector(...) is null
IPDL protocol error: Handler returned error code!

###!!! [Parent][DispatchAsyncMessage] Error: PClientManager::Msg_ExpectFutureClientSource Processing error: message was deserialized, but the handler returned false (indicating failure)

IPDL protocol error: Handler returned error code!

###!!! [Parent][DispatchAsyncMessage] Error: PClientManager::Msg_ForgetFutureClientSource Processing error: message was deserialized, but the handler returned false (indicating failure)

1627103421888	Marionette	INFO	Stopped listening on port 52542

###!!! [Child][RunMessage] Error: Channel closing: too late to send/recv, messages will be lost

1627125897062	geckodriver	INFO	Listening on 127.0.0.1:52883
1627125900115	mozrunner::runner	INFO	Running command: "C:\\Program Files\\Mozilla Firefox\\firefox.exe" "--marionette" "-foreground" "-no-remote" "-profile" "C:\\Users\\pfleg\\AppData\\Local\\Temp\\rust_mozprofilezvmDvB"
1627125900990	Marionette	INFO	Marionette enabled
console.warn: SearchSettings: "get: No settings file exists, new profile?" (new NotFoundError("Could not open the file at C:\\Users\\pfleg\\AppData\\Local\\Temp\\rust_mozprofilezvmDvB\\search.json.mozlz4", (void 0)))
1627125904399	Marionette	INFO	Listening on port 53649
1627125904480	Marionette	WARN	TLS certificate errors will be ignored for this session
JavaScript error: http://127.0.0.1:8000/static/network/customizing.js, line 11: TypeError: document.querySelector(...) is null
JavaScript error: http://127.0.0.1:8000/static/network/customizing.js, line 11: TypeError: document.querySelector(...) is null
JavaScript error: http://127.0.0.1:8000/static/network/customizing.js, line 11: TypeError: document.querySelector(...) is null
1627126088619	Marionette	INFO	Stopped listening on port 53649
7126037348	mozrunner::runner	INFO	Running command: "C:\\Program Files\\Mozilla Firefox\\firefox.exe" "--marionette" "-foreground" "-no-remote" "-profile" "C:\\Users\\pfleg\\AppData\\Local\\Temp\\rust_mozprofilep4f7zE"
1627126037874	Marionette	INFO	Marionette enabled
console.warn: SearchSettings: "get: No settings file exists, new profile?" (new NotFoundError("Could not open the file at C:\\Users\\pfleg\\AppData\\Local\\Temp\\rust_mozprofilep4f7zE\\search.json.mozlz4", (void 0)))
1627126040663	Marionette	INFO	Listening on port 51124
1627126041035	Marionette	WARN	TLS certificate errors will be ignored for this session
JavaScript error: http://127.0.0.1:8000/static/network/customizing.js, line 11: TypeError: document.querySelector(...) is null
JavaScript error: http://127.0.0.1:8000/static/network/customizing.js, line 11: TypeError: document.querySelector(...) is null
JavaScript error: http://127.0.0.1:8000/static/network/customizing.js, line 11: TypeError: document.querySelector(...) is null
1627126087104	Marionette	INFO	Stopped listening on port 51124

###!!! [Child][RunMessage] Error: Channel closing: too late to send/recv, messages will be lost

